2025-01-30 22:46:38.679 | INFO     | utils_logger:<module>:40 - Logging to file: logs\project_log.log
2025-01-30 22:46:39.238 | INFO     | __main__:main:100 - Starting CSV fetch demonstration...
2025-01-30 22:46:39.239 | INFO     | __main__:fetch_csv_file:59 - Fetching CSV data from https://raw.githubusercontent.com/MainakRepositor/Datasets/master/World%20Happiness%20Data/2020.csv...
2025-01-30 22:46:39.517 | INFO     | __main__:write_csv_file:83 - Writing CSV data to example_data\2020_happiness.csv...
2025-01-30 22:46:39.533 | INFO     | __main__:write_csv_file:87 - SUCCESS: CSV data written to example_data\2020_happiness.csv
2025-01-30 22:46:39.534 | INFO     | __main__:fetch_csv_file:63 - SUCCESS: CSV file fetched and saved as 2020_happiness.csv
2025-01-30 22:49:16.710 | INFO     | utils_logger:<module>:40 - Logging to file: logs\project_log.log
2025-01-30 22:49:16.711 | INFO     | __main__:main:98 - Starting Excel fetch demonstration...
2025-01-30 22:49:16.711 | INFO     | __main__:fetch_excel_file:57 - Fetching Excel data from https://raw.githubusercontent.com/denisecase/datafun-03-analytics/main/hosted/Feedback.xlsx...
2025-01-30 22:49:17.209 | INFO     | __main__:write_excel_file:81 - Writing Excel data to example_data\feedback.xlsx...
2025-01-30 22:49:17.210 | INFO     | __main__:write_excel_file:85 - SUCCESS: Excel data written to example_data\feedback.xlsx
2025-01-30 22:49:17.211 | INFO     | __main__:fetch_excel_file:61 - SUCCESS: Excel file fetched and saved as feedback.xlsx
2025-01-30 22:49:23.527 | INFO     | utils_logger:<module>:40 - Logging to file: logs\project_log.log
2025-01-30 22:49:23.527 | INFO     | __main__:main:98 - Starting JSON fetch demonstration...
2025-01-30 22:49:23.528 | INFO     | __main__:fetch_json_file:57 - Fetching JSON data from http://api.open-notify.org/astros.json...
2025-01-30 22:49:26.849 | INFO     | __main__:write_json_file:81 - Writing JSON data to example_data\astros.json...
2025-01-30 22:49:26.864 | INFO     | __main__:write_json_file:85 - SUCCESS: JSON data written to example_data\astros.json
2025-01-30 22:49:26.864 | INFO     | __main__:fetch_json_file:61 - SUCCESS: JSON file fetched and saved as astros.json
2025-01-30 22:49:29.930 | INFO     | utils_logger:<module>:40 - Logging to file: logs\project_log.log
2025-01-30 22:49:29.930 | INFO     | __main__:main:97 - Starting text fetch demonstration...
2025-01-30 22:49:29.930 | INFO     | __main__:fetch_txt_file:56 - Fetching text data from https://raw.githubusercontent.com/denisecase/datafun-03-analytics/main/hosted/romeo.txt...
2025-01-30 22:49:30.573 | INFO     | __main__:write_txt_file:80 - Writing data to example_data\romeo.txt...
2025-01-30 22:49:30.576 | INFO     | __main__:write_txt_file:84 - SUCCESS: Data written to example_data\romeo.txt
2025-01-30 22:49:30.577 | INFO     | __main__:fetch_txt_file:60 - SUCCESS: Text file fetched and saved as romeo.txt
2025-01-30 22:54:20.040 | INFO     | utils_logger:<module>:40 - Logging to file: logs\project_log.log
2025-01-30 22:54:20.040 | INFO     | __main__:<module>:83 - Starting CSV processing...
2025-01-30 22:54:20.051 | INFO     | __main__:process_csv_file:76 - Processed CSV file: example_data\2020_happiness.csv, Statistics saved to: example_processed\happiness_ladder_score_stats.txt
2025-01-30 22:54:20.051 | INFO     | __main__:<module>:85 - CSV processing complete.
2025-01-30 22:57:04.097 | INFO     | utils_logger:<module>:40 - Logging to file: logs\project_log.log
2025-01-30 22:57:04.098 | INFO     | __main__:<module>:66 - Starting Excel processing...
2025-01-30 22:57:04.133 | INFO     | __main__:process_excel_file:59 - Processed Excel file: example_data\feedback.xlsx, Word count saved to: example_processed\excel_feedback_github_count.txt
2025-01-30 22:57:04.135 | INFO     | __main__:<module>:68 - Excel processing complete.
2025-01-30 22:58:18.905 | INFO     | utils_logger:<module>:40 - Logging to file: logs\project_log.log
2025-01-30 22:58:18.906 | INFO     | __main__:<module>:89 - Starting JSON processing...
2025-01-30 22:58:18.928 | INFO     | __main__:process_json_file:82 - Processed JSON file: example_data\astros.json, Results saved to: example_processed\json_astronauts_by_craft.txt
2025-01-30 22:58:18.929 | INFO     | __main__:<module>:91 - JSON processing complete.
2025-01-30 22:58:25.470 | INFO     | utils_logger:<module>:40 - Logging to file: logs\project_log.log
2025-01-30 22:58:25.471 | INFO     | __main__:<module>:57 - Starting text processing...
2025-01-30 22:58:25.502 | INFO     | __main__:process_text_file:50 - Processed text file: example_data\romeo.txt, Word count saved to: example_processed\text_romeo_word_count.txt
2025-01-30 22:58:25.502 | INFO     | __main__:<module>:59 - Text processing complete.
